[TIME]:2018-08-26 16:50:43ERROR : C:/phpStudy/PHPTutorial/WWW/KUAIXUEAPP/Index/Tpl/Index/index_tpl.php模板文件不存在
[TIME]:2018-08-26 16:51:40ERROR : C:/phpStudy/PHPTutorial/WWW/KUAIXUEAPP/Admin/Tpl/Index/index.php模板文件不存在
[TIME]:2018-08-26 17:13:57ERROR : C:/phpStudy/PHPTutorial/WWW/KUAIXUEAPP/Admin/Tpl/Index/index.php模板文件不存在
[TIME]:2018-08-26 17:23:52ERROR : Smarty error: [in C:/phpStudy/PHPTutorial/WWW/KUAIXUEAPP/Admin/Tpl/Index/index.html line 9]: syntax error: unrecognized tag: $name; (Smarty_Compiler.class.php, line 441)C:\phpStudy\PHPTutorial\WWW\KUAIXUEAPP\KUAIXUEPHP\Extends\Org\Smarty\Smarty.class.php第1100行
[TIME]:2018-08-26 17:25:31ERROR : Smarty error: [in C:/phpStudy/PHPTutorial/WWW/KUAIXUEAPP/Admin/Tpl/Index/index.html line 9]: syntax error: unrecognized tag: $name; (Smarty_Compiler.class.php, line 441)C:\phpStudy\PHPTutorial\WWW\KUAIXUEAPP\KUAIXUEPHP\Extends\Org\Smarty\Smarty.class.php第1100行
[TIME]:2018-08-26 17:25:32ERROR : Smarty error: [in C:/phpStudy/PHPTutorial/WWW/KUAIXUEAPP/Admin/Tpl/Index/index.html line 9]: syntax error: unrecognized tag: $name; (Smarty_Compiler.class.php, line 441)C:\phpStudy\PHPTutorial\WWW\KUAIXUEAPP\KUAIXUEPHP\Extends\Org\Smarty\Smarty.class.php第1100行
[TIME]:2018-08-26 17:27:35ERROR : Smarty error: [in C:/phpStudy/PHPTutorial/WWW/KUAIXUEAPP/Admin/Tpl/Index/index.html line 9]: syntax error: unrecognized tag: $name; (Smarty_Compiler.class.php, line 441)C:\phpStudy\PHPTutorial\WWW\KUAIXUEAPP\KUAIXUEPHP\Extends\Org\Smarty\Smarty.class.php第1100行
[TIME]:2018-08-26 17:29:21ERROR : Smarty error: [in C:/phpStudy/PHPTutorial/WWW/KUAIXUEAPP/Admin/Tpl/Index/index.html line 6]: syntax error: unrecognized tag:  (Smarty_Compiler.class.php, line 441)C:\phpStudy\PHPTutorial\WWW\KUAIXUEAPP\KUAIXUEPHP\Extends\Org\Smarty\Smarty.class.php第1100行
[TIME]:2018-08-26 17:29:54ERROR : Smarty error: [in C:/phpStudy/PHPTutorial/WWW/KUAIXUEAPP/Admin/Tpl/Index/index.html line 6]: syntax error: unrecognized tag:  (Smarty_Compiler.class.php, line 441)C:\phpStudy\PHPTutorial\WWW\KUAIXUEAPP\KUAIXUEPHP\Extends\Org\Smarty\Smarty.class.php第1100行
[TIME]:2018-08-26 17:30:39ERROR : Smarty error: [in C:/phpStudy/PHPTutorial/WWW/KUAIXUEAPP/Admin/Tpl/Index/index.html line 6]: syntax error: unrecognized tag:  (Smarty_Compiler.class.php, line 441)C:\phpStudy\PHPTutorial\WWW\KUAIXUEAPP\KUAIXUEPHP\Extends\Org\Smarty\Smarty.class.php第1100行
[TIME]:2018-08-26 17:32:20ERROR : Smarty error: [in C:/phpStudy/PHPTutorial/WWW/KUAIXUEAPP/Admin/Tpl/Index/index.html line 6]: syntax error: unrecognized tag:  (Smarty_Compiler.class.php, line 441)C:\phpStudy\PHPTutorial\WWW\KUAIXUEAPP\KUAIXUEPHP\Extends\Org\Smarty\Smarty.class.php第1100行
[TIME]:2018-08-26 17:32:21ERROR : Smarty error: [in C:/phpStudy/PHPTutorial/WWW/KUAIXUEAPP/Admin/Tpl/Index/index.html line 6]: syntax error: unrecognized tag:  (Smarty_Compiler.class.php, line 441)C:\phpStudy\PHPTutorial\WWW\KUAIXUEAPP\KUAIXUEPHP\Extends\Org\Smarty\Smarty.class.php第1100行
[TIME]:2018-08-26 17:36:13ERROR : Smarty error: [in C:/phpStudy/PHPTutorial/WWW/KUAIXUEAPP/Admin/Tpl/Index/index.html line 6]: syntax error: unrecognized tag:  (Smarty_Compiler.class.php, line 441)C:\phpStudy\PHPTutorial\WWW\KUAIXUEAPP\KUAIXUEPHP\Extends\Org\Smarty\Smarty.class.php第1100行
[TIME]:2018-08-26 17:36:13ERROR : Smarty error: [in C:/phpStudy/PHPTutorial/WWW/KUAIXUEAPP/Admin/Tpl/Index/index.html line 6]: syntax error: unrecognized tag:  (Smarty_Compiler.class.php, line 441)C:\phpStudy\PHPTutorial\WWW\KUAIXUEAPP\KUAIXUEPHP\Extends\Org\Smarty\Smarty.class.php第1100行
[TIME]:2018-08-26 17:36:14ERROR : Smarty error: [in C:/phpStudy/PHPTutorial/WWW/KUAIXUEAPP/Admin/Tpl/Index/index.html line 6]: syntax error: unrecognized tag:  (Smarty_Compiler.class.php, line 441)C:\phpStudy\PHPTutorial\WWW\KUAIXUEAPP\KUAIXUEPHP\Extends\Org\Smarty\Smarty.class.php第1100行
[TIME]:2018-08-26 17:36:14ERROR : Smarty error: [in C:/phpStudy/PHPTutorial/WWW/KUAIXUEAPP/Admin/Tpl/Index/index.html line 6]: syntax error: unrecognized tag:  (Smarty_Compiler.class.php, line 441)C:\phpStudy\PHPTutorial\WWW\KUAIXUEAPP\KUAIXUEPHP\Extends\Org\Smarty\Smarty.class.php第1100行
[TIME]:2018-08-26 17:41:04ERROR : Smarty error: [in C:/phpStudy/PHPTutorial/WWW/KUAIXUEAPP/Admin/Tpl/Index/index.html line 6]: syntax error: unrecognized tag:  (Smarty_Compiler.class.php, line 441)C:\phpStudy\PHPTutorial\WWW\KUAIXUEAPP\KUAIXUEPHP\Extends\Org\Smarty\Smarty.class.php第1100行
[TIME]:2018-08-26 17:43:00ERROR : Smarty error: [in C:/phpStudy/PHPTutorial/WWW/KUAIXUEAPP/Admin/Tpl/Index/index.html line 6]: syntax error: unrecognized tag:  (Smarty_Compiler.class.php, line 441)C:\phpStudy\PHPTutorial\WWW\KUAIXUEAPP\KUAIXUEPHP\Extends\Org\Smarty\Smarty.class.php第1100行
[TIME]:2018-08-26 17:43:01ERROR : Smarty error: [in C:/phpStudy/PHPTutorial/WWW/KUAIXUEAPP/Admin/Tpl/Index/index.html line 6]: syntax error: unrecognized tag:  (Smarty_Compiler.class.php, line 441)C:\phpStudy\PHPTutorial\WWW\KUAIXUEAPP\KUAIXUEPHP\Extends\Org\Smarty\Smarty.class.php第1100行
[TIME]:2018-08-26 17:43:01ERROR : Smarty error: [in C:/phpStudy/PHPTutorial/WWW/KUAIXUEAPP/Admin/Tpl/Index/index.html line 6]: syntax error: unrecognized tag:  (Smarty_Compiler.class.php, line 441)C:\phpStudy\PHPTutorial\WWW\KUAIXUEAPP\KUAIXUEPHP\Extends\Org\Smarty\Smarty.class.php第1100行
[TIME]:2018-08-26 17:43:21ERROR : Smarty error: [in C:/phpStudy/PHPTutorial/WWW/KUAIXUEAPP/Admin/Tpl/Index/index.html line 6]: syntax error: unrecognized tag:  (Smarty_Compiler.class.php, line 441)C:\phpStudy\PHPTutorial\WWW\KUAIXUEAPP\KUAIXUEPHP\Extends\Org\Smarty\Smarty.class.php第1100行
[TIME]:2018-08-26 17:43:48ERROR : Smarty error: [in C:/phpStudy/PHPTutorial/WWW/KUAIXUEAPP/Admin/Tpl/Index/index.html line 6]: syntax error: unrecognized tag:  (Smarty_Compiler.class.php, line 441)C:\phpStudy\PHPTutorial\WWW\KUAIXUEAPP\KUAIXUEPHP\Extends\Org\Smarty\Smarty.class.php第1100行
[TIME]:2018-08-26 17:44:01ERROR : Smarty error: [in C:/phpStudy/PHPTutorial/WWW/KUAIXUEAPP/Admin/Tpl/Index/index.html line 6]: syntax error: unrecognized tag:  (Smarty_Compiler.class.php, line 441)C:\phpStudy\PHPTutorial\WWW\KUAIXUEAPP\KUAIXUEPHP\Extends\Org\Smarty\Smarty.class.php第1100行
[TIME]:2018-08-26 17:44:02ERROR : Smarty error: [in C:/phpStudy/PHPTutorial/WWW/KUAIXUEAPP/Admin/Tpl/Index/index.html line 6]: syntax error: unrecognized tag:  (Smarty_Compiler.class.php, line 441)C:\phpStudy\PHPTutorial\WWW\KUAIXUEAPP\KUAIXUEPHP\Extends\Org\Smarty\Smarty.class.php第1100行
[TIME]:2018-08-26 17:44:03ERROR : Smarty error: [in C:/phpStudy/PHPTutorial/WWW/KUAIXUEAPP/Admin/Tpl/Index/index.html line 6]: syntax error: unrecognized tag:  (Smarty_Compiler.class.php, line 441)C:\phpStudy\PHPTutorial\WWW\KUAIXUEAPP\KUAIXUEPHP\Extends\Org\Smarty\Smarty.class.php第1100行
[TIME]:2018-08-26 17:44:03ERROR : Smarty error: [in C:/phpStudy/PHPTutorial/WWW/KUAIXUEAPP/Admin/Tpl/Index/index.html line 6]: syntax error: unrecognized tag:  (Smarty_Compiler.class.php, line 441)C:\phpStudy\PHPTutorial\WWW\KUAIXUEAPP\KUAIXUEPHP\Extends\Org\Smarty\Smarty.class.php第1100行
[TIME]:2018-08-26 19:01:33ERROR : Smarty error: [in C:/phpStudy/PHPTutorial/WWW/KUAIXUEAPP/Admin/Tpl/Index/index.html line 57]: syntax error: unrecognized tag 'var' (Smarty_Compiler.class.php, line 585)C:\phpStudy\PHPTutorial\WWW\KUAIXUEAPP\KUAIXUEPHP\Extends\Org\Smarty\Smarty.class.php第1100行
[TIME]:2018-08-26 19:04:14ERROR : Smarty error: [in C:/phpStudy/PHPTutorial/WWW/KUAIXUEAPP/Admin/Tpl/Index/index.html line 61]: syntax error: unrecognized tag 'var' (Smarty_Compiler.class.php, line 585)C:\phpStudy\PHPTutorial\WWW\KUAIXUEAPP\KUAIXUEPHP\Extends\Org\Smarty\Smarty.class.php第1100行
[TIME]:2018-08-26 19:04:18ERROR : Smarty error: [in C:/phpStudy/PHPTutorial/WWW/KUAIXUEAPP/Admin/Tpl/Index/index.html line 61]: syntax error: unrecognized tag 'var' (Smarty_Compiler.class.php, line 585)C:\phpStudy\PHPTutorial\WWW\KUAIXUEAPP\KUAIXUEPHP\Extends\Org\Smarty\Smarty.class.php第1100行
[TIME]:2018-08-26 19:04:18ERROR : Smarty error: [in C:/phpStudy/PHPTutorial/WWW/KUAIXUEAPP/Admin/Tpl/Index/index.html line 61]: syntax error: unrecognized tag 'var' (Smarty_Compiler.class.php, line 585)C:\phpStudy\PHPTutorial\WWW\KUAIXUEAPP\KUAIXUEPHP\Extends\Org\Smarty\Smarty.class.php第1100行
[TIME]:2018-08-26 19:37:33ERROR : syntax error, unexpected 'funtion' (T_STRING), expecting variable (T_VARIABLE)C:\phpStudy\PHPTutorial\WWW\KUAIXUEAPP\Admin\Controller\LoginController.class.php第3行
[TIME]:2018-08-26 23:33:53ERROR : syntax error, unexpected '}'C:\phpStudy\PHPTutorial\WWW\KUAIXUEAPP\Admin\Controller\LoginController.class.php第14行
