[TIME]:2018-08-22 09:26:39ERROR : C:/phpStudy/PHPTutorial/WWW/KUAIXUEAPP/KUAIXUEPHP/Extends/Tool/Test.class.php类未找到
[TIME]:2018-08-22 09:38:44ERROR : syntax error, unexpected ':', expecting ',' or ';'C:\phpStudy\PHPTutorial\WWW\KUAIXUEAPP\KUAIXUEPHP\Extends\Tool\Model.class.php第8行
[TIME]:2018-08-22 09:39:26ERROR : syntax error, unexpected '}'C:\phpStudy\PHPTutorial\WWW\KUAIXUEAPP\KUAIXUEPHP\Extends\Tool\Model.class.php第39行
[TIME]:2018-08-22 09:39:43ERROR : mysql错误No tables used<br/>SQL: select *
[TIME]:2018-08-22 09:40:06ERROR : mysql错误   No tables used<br/>SQL: select *
[TIME]:2018-08-22 10:01:24ERROR : mysql错误   Table 'book.user' doesn't exist<br/>SQL: select * from user
[TIME]:2018-08-22 10:07:46ERROR : Call to private method Test::show2() from context 'indexController'C:\phpStudy\PHPTutorial\WWW\KUAIXUEAPP\Index\Controller\IndexController.class.php第10行
[TIME]:2018-08-22 10:27:34ERROR : syntax error, unexpected '.'C:\phpStudy\PHPTutorial\WWW\KUAIXUEAPP\KUAIXUEPHP\Extends\Tool\Model.class.php第33行
[TIME]:2018-08-22 10:27:55ERROR : mysql错误   You have an error in your SQL syntax; check the manual that corresponds to your MySQL server version for the right syntax to use near 'frombook' at line 1<br/>SQL: select*frombook
[TIME]:2018-08-22 10:43:44ERROR : mysql错误   Unknown column 'password' in 'field list'<br/>SQL: select password from book
[TIME]:2018-08-22 10:44:10ERROR : mysql错误   Table 'book.user' doesn't exist<br/>SQL: select password from user
[TIME]:2018-08-22 10:48:25ERROR : mysql错误   You have an error in your SQL syntax; check the manual that corresponds to your MySQL server version for the right syntax to use near '=12345' at line 1<br/>SQL: select password from usersWHERE password=12345
[TIME]:2018-08-22 10:50:20ERROR : mysql错误   Unknown column 'bob' in 'where clause'<br/>SQL: select password from users WHERE username=bob
[TIME]:2018-08-22 10:57:05ERROR : Cannot redeclare Model::order()C:\phpStudy\PHPTutorial\WWW\KUAIXUEAPP\KUAIXUEPHP\Extends\Tool\Model.class.php第64行
[TIME]:2018-08-22 10:57:26ERROR : syntax error, unexpected ';'C:\phpStudy\PHPTutorial\WWW\KUAIXUEAPP\KUAIXUEPHP\Extends\Tool\Model.class.php第65行
[TIME]:2018-08-22 13:26:33ERROR : mysql错误   Table 'example.users' doesn't exist<br/>SQL: select password from users WHERE username="bob" LIMIT 1
[TIME]:2018-08-22 14:15:18ERROR : Function name must be a stringC:\phpStudy\PHPTutorial\WWW\KUAIXUEAPP\KUAIXUEPHP\Extends\Tool\Model.class.php第123行
[TIME]:2018-08-22 14:16:12ERROR : mysql错误：Table 'book.user' doesn't exist<br/>SQL：insert into user values('Bob','12345')
[TIME]:2018-08-22 14:17:34ERROR : mysqllllll错误：Table 'book.user' doesn't exist<br/>SQL：insert into user values('Bob','12345')
[TIME]:2018-08-22 14:18:18ERROR : 请用query方法发送查询sql
[TIME]:2018-08-22 14:19:19ERROR : mysql错误：Table 'book.user' doesn't exist<br/>SQL：insert into user values('Bob','12345')
[TIME]:2018-08-22 14:34:14ERROR : syntax error, unexpected '['C:\phpStudy\PHPTutorial\WWW\KUAIXUEAPP\KUAIXUEPHP\Extends\Tool\Model.class.php第154行
[TIME]:2018-08-22 14:35:20ERROR : Call to undefined function exe()C:\phpStudy\PHPTutorial\WWW\KUAIXUEAPP\KUAIXUEPHP\Extends\Tool\Model.class.php第154行
[TIME]:2018-08-22 15:13:10ERROR : C:/phpStudy/PHPTutorial/WWW/KUAIXUEAPP/Index/Tpl/Index/index.html模板文件不存在
[TIME]:2018-08-22 15:28:12ERROR : Call to undefined function get_magic_quotes()C:\phpStudy\PHPTutorial\WWW\KUAIXUEAPP\KUAIXUEPHP\Extends\Tool\Model.class.php第160行
[TIME]:2018-08-22 15:43:34ERROR : mysql错误：You have an error in your SQL syntax; check the manual that corresponds to your MySQL server version for the right syntax to use near 'VAULES (`root` ,`admin` )' at line 1<br/>SQL：INSERT INTO users ( `username` ,`password`  ) VAULES (`root` ,`admin` )
[TIME]:2018-08-22 15:47:28ERROR : syntax error, unexpected 'url' (T_STRING), expecting ',' or ';'C:\phpStudy\PHPTutorial\WWW\KUAIXUEAPP\Index\Tpl\success.html第51行
